ERROR in
action number 1
of Destroy Event
for object GameServer:

In script sendLobbyUnreg:Error in code at line 17:   
udp_send(lobbyBuffer, lobbyIp, LOBBY_SERVER_PORT);                         ^at position 24: Unknown variable lobbyIp


ERROR in
action number 1
of Begin Step Event
for object Generator:

Error in code at line 7:   
    else if GameServer.frame mod 1800 ==0 GameServer.syncTimer = 1;                          ^at position 25: Unknown variable frame


ERROR in
action number 1
of Begin Step Event
for object Generator:

Error in code at line 7:   
    else if GameServer.frame mod 1800 ==0 GameServer.syncTimer = 1;                          ^at position 25: Unknown variable frame


ERROR in
action number 1
of Begin Step Event
for object Generator:

Error in code at line 7:   
    else if GameServer.frame mod 1800 ==0 GameServer.syncTimer = 1;                          ^at position 25: Unknown variable frame


